This file contains any messages produced by compilers while
running configure, to aid debugging if configure makes a mistake.

It was created by indel-seq-gen configure 2.2.14, which was
generated by GNU Autoconf 2.69.  Invocation command line was

  $ ./configure 

## --------- ##
## Platform. ##
## --------- ##

hostname = mus
uname -m = x86_64
uname -r = 3.13.0-35-generic
uname -s = Linux
uname -v = #62-Ubuntu SMP Fri Aug 15 01:58:42 UTC 2014

/usr/bin/uname -p = unknown
/bin/uname -X     = unknown

/bin/arch              = unknown
/usr/bin/arch -k       = unknown
/usr/convex/getsysinfo = unknown
/usr/bin/hostinfo      = unknown
/bin/machine           = unknown
/usr/bin/oslevel       = unknown
/bin/universe          = unknown

PATH: /home/matsen/etc/gnome-terminal-colors-solarized
PATH: .local
PATH: /home/matsen/.cabal/bin
PATH: /home/matsen/.opam/system/bin
PATH: /home/matsen/.opam/system/sbin
PATH: /home/matsen/local/bin
PATH: /home/matsen/etc/bin
PATH: /usr/local/bin
PATH: /usr/local/sbin
PATH: /usr/bin
PATH: /usr/sbin
PATH: /bin
PATH: /sbin


## ----------- ##
## Core tests. ##
## ----------- ##

configure:2382: checking for a BSD-compatible install
configure:2450: result: /usr/bin/install -c
configure:2461: checking whether build environment is sane
configure:2516: result: yes
configure:2667: checking for a thread-safe mkdir -p
configure:2706: result: /bin/mkdir -p
configure:2713: checking for gawk
configure:2729: found /usr/bin/gawk
configure:2740: result: gawk
configure:2751: checking whether make sets $(MAKE)
configure:2773: result: yes
configure:2802: checking whether make supports nested variables
configure:2819: result: yes
configure:2996: checking for gcc
configure:3012: found /usr/bin/gcc
configure:3023: result: gcc
configure:3252: checking for C compiler version
configure:3261: gcc --version >&5
gcc (Ubuntu 4.8.2-19ubuntu1) 4.8.2
Copyright (C) 2013 Free Software Foundation, Inc.
This is free software; see the source for copying conditions.  There is NO
warranty; not even for MERCHANTABILITY or FITNESS FOR A PARTICULAR PURPOSE.

configure:3272: $? = 0
configure:3261: gcc -v >&5
Using built-in specs.
COLLECT_GCC=gcc
COLLECT_LTO_WRAPPER=/usr/lib/gcc/x86_64-linux-gnu/4.8/lto-wrapper
Target: x86_64-linux-gnu
Configured with: ../src/configure -v --with-pkgversion='Ubuntu 4.8.2-19ubuntu1' --with-bugurl=file:///usr/share/doc/gcc-4.8/README.Bugs --enable-languages=c,c++,java,go,d,fortran,objc,obj-c++ --prefix=/usr --program-suffix=-4.8 --enable-shared --enable-linker-build-id --libexecdir=/usr/lib --without-included-gettext --enable-threads=posix --with-gxx-include-dir=/usr/include/c++/4.8 --libdir=/usr/lib --enable-nls --with-sysroot=/ --enable-clocale=gnu --enable-libstdcxx-debug --enable-libstdcxx-time=yes --enable-gnu-unique-object --disable-libmudflap --enable-plugin --with-system-zlib --disable-browser-plugin --enable-java-awt=gtk --enable-gtk-cairo --with-java-home=/usr/lib/jvm/java-1.5.0-gcj-4.8-amd64/jre --enable-java-home --with-jvm-root-dir=/usr/lib/jvm/java-1.5.0-gcj-4.8-amd64 --with-jvm-jar-dir=/usr/lib/jvm-exports/java-1.5.0-gcj-4.8-amd64 --with-arch-directory=amd64 --with-ecj-jar=/usr/share/java/eclipse-ecj.jar --enable-objc-gc --enable-multiarch --disable-werror --with-arch-32=i686 --with-abi=m64 --with-multilib-list=m32,m64,mx32 --with-tune=generic --enable-checking=release --build=x86_64-linux-gnu --host=x86_64-linux-gnu --target=x86_64-linux-gnu
Thread model: posix
gcc version 4.8.2 (Ubuntu 4.8.2-19ubuntu1) 
configure:3272: $? = 0
configure:3261: gcc -V >&5
gcc: error: unrecognized command line option '-V'
gcc: fatal error: no input files
compilation terminated.
configure:3272: $? = 4
configure:3261: gcc -qversion >&5
gcc: error: unrecognized command line option '-qversion'
gcc: fatal error: no input files
compilation terminated.
configure:3272: $? = 4
configure:3292: checking whether the C compiler works
configure:3314: gcc    conftest.c  >&5
configure:3318: $? = 0
configure:3366: result: yes
configure:3369: checking for C compiler default output file name
configure:3371: result: a.out
configure:3377: checking for suffix of executables
configure:3384: gcc -o conftest    conftest.c  >&5
configure:3388: $? = 0
configure:3410: result: 
configure:3432: checking whether we are cross compiling
configure:3440: gcc -o conftest    conftest.c  >&5
configure:3444: $? = 0
configure:3451: ./conftest
configure:3455: $? = 0
configure:3470: result: no
configure:3475: checking for suffix of object files
configure:3497: gcc -c   conftest.c >&5
configure:3501: $? = 0
configure:3522: result: o
configure:3526: checking whether we are using the GNU C compiler
configure:3545: gcc -c   conftest.c >&5
configure:3545: $? = 0
configure:3554: result: yes
configure:3563: checking whether gcc accepts -g
configure:3583: gcc -c -g  conftest.c >&5
configure:3583: $? = 0
configure:3624: result: yes
configure:3641: checking for gcc option to accept ISO C89
configure:3704: gcc  -c -g -O2  conftest.c >&5
configure:3704: $? = 0
configure:3717: result: none needed
configure:3742: checking whether gcc understands -c and -o together
configure:3764: gcc -c conftest.c -o conftest2.o
configure:3767: $? = 0
configure:3764: gcc -c conftest.c -o conftest2.o
configure:3767: $? = 0
configure:3779: result: yes
configure:3807: checking for style of include used by make
configure:3835: result: GNU
configure:3861: checking dependency style of gcc
configure:3972: result: gcc3
configure:4030: checking for ranlib
configure:4046: found /usr/bin/ranlib
configure:4057: result: ranlib
configure:4140: checking for g++
configure:4156: found /usr/bin/g++
configure:4167: result: g++
configure:4194: checking for C++ compiler version
configure:4203: g++ --version >&5
g++ (Ubuntu 4.8.2-19ubuntu1) 4.8.2
Copyright (C) 2013 Free Software Foundation, Inc.
This is free software; see the source for copying conditions.  There is NO
warranty; not even for MERCHANTABILITY or FITNESS FOR A PARTICULAR PURPOSE.

configure:4214: $? = 0
configure:4203: g++ -v >&5
Using built-in specs.
COLLECT_GCC=g++
COLLECT_LTO_WRAPPER=/usr/lib/gcc/x86_64-linux-gnu/4.8/lto-wrapper
Target: x86_64-linux-gnu
Configured with: ../src/configure -v --with-pkgversion='Ubuntu 4.8.2-19ubuntu1' --with-bugurl=file:///usr/share/doc/gcc-4.8/README.Bugs --enable-languages=c,c++,java,go,d,fortran,objc,obj-c++ --prefix=/usr --program-suffix=-4.8 --enable-shared --enable-linker-build-id --libexecdir=/usr/lib --without-included-gettext --enable-threads=posix --with-gxx-include-dir=/usr/include/c++/4.8 --libdir=/usr/lib --enable-nls --with-sysroot=/ --enable-clocale=gnu --enable-libstdcxx-debug --enable-libstdcxx-time=yes --enable-gnu-unique-object --disable-libmudflap --enable-plugin --with-system-zlib --disable-browser-plugin --enable-java-awt=gtk --enable-gtk-cairo --with-java-home=/usr/lib/jvm/java-1.5.0-gcj-4.8-amd64/jre --enable-java-home --with-jvm-root-dir=/usr/lib/jvm/java-1.5.0-gcj-4.8-amd64 --with-jvm-jar-dir=/usr/lib/jvm-exports/java-1.5.0-gcj-4.8-amd64 --with-arch-directory=amd64 --with-ecj-jar=/usr/share/java/eclipse-ecj.jar --enable-objc-gc --enable-multiarch --disable-werror --with-arch-32=i686 --with-abi=m64 --with-multilib-list=m32,m64,mx32 --with-tune=generic --enable-checking=release --build=x86_64-linux-gnu --host=x86_64-linux-gnu --target=x86_64-linux-gnu
Thread model: posix
gcc version 4.8.2 (Ubuntu 4.8.2-19ubuntu1) 
configure:4214: $? = 0
configure:4203: g++ -V >&5
g++: error: unrecognized command line option '-V'
g++: fatal error: no input files
compilation terminated.
configure:4214: $? = 4
configure:4203: g++ -qversion >&5
g++: error: unrecognized command line option '-qversion'
g++: fatal error: no input files
compilation terminated.
configure:4214: $? = 4
configure:4218: checking whether we are using the GNU C++ compiler
configure:4237: g++ -c   conftest.cpp >&5
configure:4237: $? = 0
configure:4246: result: yes
configure:4255: checking whether g++ accepts -g
configure:4275: g++ -c -g  conftest.cpp >&5
configure:4275: $? = 0
configure:4316: result: yes
configure:4341: checking dependency style of g++
configure:4452: result: gcc3
configure:4472: checking how to run the C++ preprocessor
configure:4499: g++ -E  conftest.cpp
configure:4499: $? = 0
configure:4513: g++ -E  conftest.cpp
conftest.cpp:11:28: fatal error: ac_nonexistent.h: No such file or directory
 #include <ac_nonexistent.h>
                            ^
compilation terminated.
configure:4513: $? = 1
configure: failed program was:
| /* confdefs.h */
| #define PACKAGE_NAME "indel-seq-gen"
| #define PACKAGE_TARNAME "indel-seq-gen"
| #define PACKAGE_VERSION "2.2.14"
| #define PACKAGE_STRING "indel-seq-gen 2.2.14"
| #define PACKAGE_BUGREPORT "corystrope@gmail.com"
| #define PACKAGE_URL ""
| #define PACKAGE "indel-seq-gen"
| #define VERSION "2.2.14"
| /* end confdefs.h.  */
| #include <ac_nonexistent.h>
configure:4538: result: g++ -E
configure:4558: g++ -E  conftest.cpp
configure:4558: $? = 0
configure:4572: g++ -E  conftest.cpp
conftest.cpp:11:28: fatal error: ac_nonexistent.h: No such file or directory
 #include <ac_nonexistent.h>
                            ^
compilation terminated.
configure:4572: $? = 1
configure: failed program was:
| /* confdefs.h */
| #define PACKAGE_NAME "indel-seq-gen"
| #define PACKAGE_TARNAME "indel-seq-gen"
| #define PACKAGE_VERSION "2.2.14"
| #define PACKAGE_STRING "indel-seq-gen 2.2.14"
| #define PACKAGE_BUGREPORT "corystrope@gmail.com"
| #define PACKAGE_URL ""
| #define PACKAGE "indel-seq-gen"
| #define VERSION "2.2.14"
| /* end confdefs.h.  */
| #include <ac_nonexistent.h>
configure:4611: checking for main in -lm
configure:4630: g++ -o conftest -g -O2   conftest.cpp -lm   >&5
configure:4630: $? = 0
configure:4639: result: yes
configure:4653: checking for grep that handles long lines and -e
configure:4711: result: /bin/grep
configure:4716: checking for egrep
configure:4778: result: /bin/grep -E
configure:4783: checking for ANSI C header files
configure:4803: g++ -c -g -O2  conftest.cpp >&5
configure:4803: $? = 0
configure:4876: g++ -o conftest -g -O2   conftest.cpp -lm  >&5
configure:4876: $? = 0
configure:4876: ./conftest
configure:4876: $? = 0
configure:4887: result: yes
configure:4900: checking for sys/types.h
configure:4900: g++ -c -g -O2  conftest.cpp >&5
configure:4900: $? = 0
configure:4900: result: yes
configure:4900: checking for sys/stat.h
configure:4900: g++ -c -g -O2  conftest.cpp >&5
configure:4900: $? = 0
configure:4900: result: yes
configure:4900: checking for stdlib.h
configure:4900: g++ -c -g -O2  conftest.cpp >&5
configure:4900: $? = 0
configure:4900: result: yes
configure:4900: checking for string.h
configure:4900: g++ -c -g -O2  conftest.cpp >&5
configure:4900: $? = 0
configure:4900: result: yes
configure:4900: checking for memory.h
configure:4900: g++ -c -g -O2  conftest.cpp >&5
configure:4900: $? = 0
configure:4900: result: yes
configure:4900: checking for strings.h
configure:4900: g++ -c -g -O2  conftest.cpp >&5
configure:4900: $? = 0
configure:4900: result: yes
configure:4900: checking for inttypes.h
configure:4900: g++ -c -g -O2  conftest.cpp >&5
configure:4900: $? = 0
configure:4900: result: yes
configure:4900: checking for stdint.h
configure:4900: g++ -c -g -O2  conftest.cpp >&5
configure:4900: $? = 0
configure:4900: result: yes
configure:4900: checking for unistd.h
configure:4900: g++ -c -g -O2  conftest.cpp >&5
configure:4900: $? = 0
configure:4900: result: yes
configure:4915: checking limits.h usability
configure:4915: g++ -c -g -O2  conftest.cpp >&5
configure:4915: $? = 0
configure:4915: result: yes
configure:4915: checking limits.h presence
configure:4915: g++ -E  conftest.cpp
configure:4915: $? = 0
configure:4915: result: yes
configure:4915: checking for limits.h
configure:4915: result: yes
configure:4915: checking for stdlib.h
configure:4915: result: yes
configure:4915: checking for string.h
configure:4915: result: yes
configure:4915: checking for unistd.h
configure:4915: result: yes
configure:4915: checking getopt.h usability
configure:4915: g++ -c -g -O2  conftest.cpp >&5
configure:4915: $? = 0
configure:4915: result: yes
configure:4915: checking getopt.h presence
configure:4915: g++ -E  conftest.cpp
configure:4915: $? = 0
configure:4915: result: yes
configure:4915: checking for getopt.h
configure:4915: result: yes
configure:4933: checking for getopt.h
configure:4933: result: yes
configure:4950: checking for getopt_long_only
configure:4950: g++ -o conftest -g -O2   conftest.cpp -lm  >&5
configure:4950: $? = 0
configure:4950: result: yes
configure:4964: checking whether optreset is declared
configure:4964: g++ -c -g -O2  conftest.cpp >&5
conftest.cpp: In function 'int main()':
conftest.cpp:36:10: error: 'optreset' was not declared in this scope
   (void) optreset;
          ^
configure:4964: $? = 1
configure: failed program was:
| /* confdefs.h */
| #define PACKAGE_NAME "indel-seq-gen"
| #define PACKAGE_TARNAME "indel-seq-gen"
| #define PACKAGE_VERSION "2.2.14"
| #define PACKAGE_STRING "indel-seq-gen 2.2.14"
| #define PACKAGE_BUGREPORT "corystrope@gmail.com"
| #define PACKAGE_URL ""
| #define PACKAGE "indel-seq-gen"
| #define VERSION "2.2.14"
| #define HAVE_LIBM 1
| #define STDC_HEADERS 1
| #define HAVE_SYS_TYPES_H 1
| #define HAVE_SYS_STAT_H 1
| #define HAVE_STDLIB_H 1
| #define HAVE_STRING_H 1
| #define HAVE_MEMORY_H 1
| #define HAVE_STRINGS_H 1
| #define HAVE_INTTYPES_H 1
| #define HAVE_STDINT_H 1
| #define HAVE_UNISTD_H 1
| #define HAVE_LIMITS_H 1
| #define HAVE_STDLIB_H 1
| #define HAVE_STRING_H 1
| #define HAVE_UNISTD_H 1
| #define HAVE_GETOPT_H 1
| #define HAVE_GETOPT_H 1
| #define HAVE_GETOPT_LONG_ONLY 1
| /* end confdefs.h.  */
| #include <getopt.h>
| 
| int
| main ()
| {
| #ifndef optreset
| #ifdef __cplusplus
|   (void) optreset;
| #else
|   (void) optreset;
| #endif
| #endif
| 
|   ;
|   return 0;
| }
configure:4964: result: no
configure:4973: checking for working GNU getopt function
configure:5005: g++ -o conftest -g -O2   conftest.cpp -lm  >&5
conftest.cpp: In function 'int main()':
conftest.cpp:35:17: warning: deprecated conversion from string constant to 'char*' [-Wwrite-strings]
       myargv[0] = "conftest";
                 ^
conftest.cpp:36:17: warning: deprecated conversion from string constant to 'char*' [-Wwrite-strings]
       myargv[1] = "-+";
                 ^
configure:5005: $? = 0
configure:5005: ./conftest
conftest: invalid option -- '+'
configure:5005: $? = 0
configure:5015: result: yes
configure:5022: checking whether getenv is declared
configure:5022: g++ -c -g -O2  conftest.cpp >&5
configure:5022: $? = 0
configure:5022: result: yes
configure:5064: checking whether the preprocessor supports include_next
configure:5092: g++ -c -g -O2  -Iconftestd1 -Iconftestd2 conftest.cpp >&5
configure:5092: $? = 0
configure:5102: result: yes
configure:5122: checking for unistd.h
configure:5122: result: yes
configure:5266: checking for stdbool.h that conforms to C99
configure:5333: g++ -c -g -O2  conftest.cpp >&5
configure:5333: $? = 0
configure:5340: result: yes
configure:5342: checking for _Bool
configure:5342: g++ -c -g -O2  conftest.cpp >&5
conftest.cpp: In function 'int main()':
conftest.cpp:68:13: error: '_Bool' was not declared in this scope
 if (sizeof (_Bool))
             ^
configure:5342: $? = 1
configure: failed program was:
| /* confdefs.h */
| #define PACKAGE_NAME "indel-seq-gen"
| #define PACKAGE_TARNAME "indel-seq-gen"
| #define PACKAGE_VERSION "2.2.14"
| #define PACKAGE_STRING "indel-seq-gen 2.2.14"
| #define PACKAGE_BUGREPORT "corystrope@gmail.com"
| #define PACKAGE_URL ""
| #define PACKAGE "indel-seq-gen"
| #define VERSION "2.2.14"
| #define HAVE_LIBM 1
| #define STDC_HEADERS 1
| #define HAVE_SYS_TYPES_H 1
| #define HAVE_SYS_STAT_H 1
| #define HAVE_STDLIB_H 1
| #define HAVE_STRING_H 1
| #define HAVE_MEMORY_H 1
| #define HAVE_STRINGS_H 1
| #define HAVE_INTTYPES_H 1
| #define HAVE_STDINT_H 1
| #define HAVE_UNISTD_H 1
| #define HAVE_LIMITS_H 1
| #define HAVE_STDLIB_H 1
| #define HAVE_STRING_H 1
| #define HAVE_UNISTD_H 1
| #define HAVE_GETOPT_H 1
| #define HAVE_GETOPT_H 1
| #define HAVE_GETOPT_LONG_ONLY 1
| #define HAVE_DECL_GETENV 1
| #define HAVE_INCLUDE_NEXT 1
| #define HAVE_UNISTD_H 1
| /* end confdefs.h.  */
| #include <stdio.h>
| #ifdef HAVE_SYS_TYPES_H
| # include <sys/types.h>
| #endif
| #ifdef HAVE_SYS_STAT_H
| # include <sys/stat.h>
| #endif
| #ifdef STDC_HEADERS
| # include <stdlib.h>
| # include <stddef.h>
| #else
| # ifdef HAVE_STDLIB_H
| #  include <stdlib.h>
| # endif
| #endif
| #ifdef HAVE_STRING_H
| # if !defined STDC_HEADERS && defined HAVE_MEMORY_H
| #  include <memory.h>
| # endif
| # include <string.h>
| #endif
| #ifdef HAVE_STRINGS_H
| # include <strings.h>
| #endif
| #ifdef HAVE_INTTYPES_H
| # include <inttypes.h>
| #endif
| #ifdef HAVE_STDINT_H
| # include <stdint.h>
| #endif
| #ifdef HAVE_UNISTD_H
| # include <unistd.h>
| #endif
| int
| main ()
| {
| if (sizeof (_Bool))
| 	 return 0;
|   ;
|   return 0;
| }
configure:5342: result: no
configure:5359: checking for an ANSI C-conforming const
configure:5425: g++ -c -g -O2  conftest.cpp >&5
configure:5425: $? = 0
configure:5432: result: yes
configure:5440: checking for size_t
configure:5440: g++ -c -g -O2  conftest.cpp >&5
configure:5440: $? = 0
configure:5440: g++ -c -g -O2  conftest.cpp >&5
conftest.cpp: In function 'int main()':
conftest.cpp:69:20: error: expected primary-expression before ')' token
 if (sizeof ((size_t)))
                    ^
configure:5440: $? = 1
configure: failed program was:
| /* confdefs.h */
| #define PACKAGE_NAME "indel-seq-gen"
| #define PACKAGE_TARNAME "indel-seq-gen"
| #define PACKAGE_VERSION "2.2.14"
| #define PACKAGE_STRING "indel-seq-gen 2.2.14"
| #define PACKAGE_BUGREPORT "corystrope@gmail.com"
| #define PACKAGE_URL ""
| #define PACKAGE "indel-seq-gen"
| #define VERSION "2.2.14"
| #define HAVE_LIBM 1
| #define STDC_HEADERS 1
| #define HAVE_SYS_TYPES_H 1
| #define HAVE_SYS_STAT_H 1
| #define HAVE_STDLIB_H 1
| #define HAVE_STRING_H 1
| #define HAVE_MEMORY_H 1
| #define HAVE_STRINGS_H 1
| #define HAVE_INTTYPES_H 1
| #define HAVE_STDINT_H 1
| #define HAVE_UNISTD_H 1
| #define HAVE_LIMITS_H 1
| #define HAVE_STDLIB_H 1
| #define HAVE_STRING_H 1
| #define HAVE_UNISTD_H 1
| #define HAVE_GETOPT_H 1
| #define HAVE_GETOPT_H 1
| #define HAVE_GETOPT_LONG_ONLY 1
| #define HAVE_DECL_GETENV 1
| #define HAVE_INCLUDE_NEXT 1
| #define HAVE_UNISTD_H 1
| #define HAVE_STDBOOL_H 1
| /* end confdefs.h.  */
| #include <stdio.h>
| #ifdef HAVE_SYS_TYPES_H
| # include <sys/types.h>
| #endif
| #ifdef HAVE_SYS_STAT_H
| # include <sys/stat.h>
| #endif
| #ifdef STDC_HEADERS
| # include <stdlib.h>
| # include <stddef.h>
| #else
| # ifdef HAVE_STDLIB_H
| #  include <stdlib.h>
| # endif
| #endif
| #ifdef HAVE_STRING_H
| # if !defined STDC_HEADERS && defined HAVE_MEMORY_H
| #  include <memory.h>
| # endif
| # include <string.h>
| #endif
| #ifdef HAVE_STRINGS_H
| # include <strings.h>
| #endif
| #ifdef HAVE_INTTYPES_H
| # include <inttypes.h>
| #endif
| #ifdef HAVE_STDINT_H
| # include <stdint.h>
| #endif
| #ifdef HAVE_UNISTD_H
| # include <unistd.h>
| #endif
| int
| main ()
| {
| if (sizeof ((size_t)))
| 	    return 0;
|   ;
|   return 0;
| }
configure:5440: result: yes
configure:5451: checking for inline
configure:5467: g++ -c -g -O2  conftest.cpp >&5
configure:5467: $? = 0
configure:5475: result: inline
configure:5493: checking whether byte ordering is bigendian
configure:5508: g++ -c -g -O2  conftest.cpp >&5
conftest.cpp:34:9: error: expected unqualified-id before 'not' token
         not a universal capable compiler
         ^
configure:5508: $? = 1
configure: failed program was:
| /* confdefs.h */
| #define PACKAGE_NAME "indel-seq-gen"
| #define PACKAGE_TARNAME "indel-seq-gen"
| #define PACKAGE_VERSION "2.2.14"
| #define PACKAGE_STRING "indel-seq-gen 2.2.14"
| #define PACKAGE_BUGREPORT "corystrope@gmail.com"
| #define PACKAGE_URL ""
| #define PACKAGE "indel-seq-gen"
| #define VERSION "2.2.14"
| #define HAVE_LIBM 1
| #define STDC_HEADERS 1
| #define HAVE_SYS_TYPES_H 1
| #define HAVE_SYS_STAT_H 1
| #define HAVE_STDLIB_H 1
| #define HAVE_STRING_H 1
| #define HAVE_MEMORY_H 1
| #define HAVE_STRINGS_H 1
| #define HAVE_INTTYPES_H 1
| #define HAVE_STDINT_H 1
| #define HAVE_UNISTD_H 1
| #define HAVE_LIMITS_H 1
| #define HAVE_STDLIB_H 1
| #define HAVE_STRING_H 1
| #define HAVE_UNISTD_H 1
| #define HAVE_GETOPT_H 1
| #define HAVE_GETOPT_H 1
| #define HAVE_GETOPT_LONG_ONLY 1
| #define HAVE_DECL_GETENV 1
| #define HAVE_INCLUDE_NEXT 1
| #define HAVE_UNISTD_H 1
| #define HAVE_STDBOOL_H 1
| /* end confdefs.h.  */
| #ifndef __APPLE_CC__
| 	       not a universal capable compiler
| 	     #endif
| 	     typedef int dummy;
| 
configure:5553: g++ -c -g -O2  conftest.cpp >&5
configure:5553: $? = 0
configure:5571: g++ -c -g -O2  conftest.cpp >&5
conftest.cpp: In function 'int main()':
conftest.cpp:40:8: error: 'big' was not declared in this scope
    not big endian
        ^
conftest.cpp:40:12: error: expected ';' before 'endian'
    not big endian
            ^
configure:5571: $? = 1
configure: failed program was:
| /* confdefs.h */
| #define PACKAGE_NAME "indel-seq-gen"
| #define PACKAGE_TARNAME "indel-seq-gen"
| #define PACKAGE_VERSION "2.2.14"
| #define PACKAGE_STRING "indel-seq-gen 2.2.14"
| #define PACKAGE_BUGREPORT "corystrope@gmail.com"
| #define PACKAGE_URL ""
| #define PACKAGE "indel-seq-gen"
| #define VERSION "2.2.14"
| #define HAVE_LIBM 1
| #define STDC_HEADERS 1
| #define HAVE_SYS_TYPES_H 1
| #define HAVE_SYS_STAT_H 1
| #define HAVE_STDLIB_H 1
| #define HAVE_STRING_H 1
| #define HAVE_MEMORY_H 1
| #define HAVE_STRINGS_H 1
| #define HAVE_INTTYPES_H 1
| #define HAVE_STDINT_H 1
| #define HAVE_UNISTD_H 1
| #define HAVE_LIMITS_H 1
| #define HAVE_STDLIB_H 1
| #define HAVE_STRING_H 1
| #define HAVE_UNISTD_H 1
| #define HAVE_GETOPT_H 1
| #define HAVE_GETOPT_H 1
| #define HAVE_GETOPT_LONG_ONLY 1
| #define HAVE_DECL_GETENV 1
| #define HAVE_INCLUDE_NEXT 1
| #define HAVE_UNISTD_H 1
| #define HAVE_STDBOOL_H 1
| /* end confdefs.h.  */
| #include <sys/types.h>
| 		#include <sys/param.h>
| 
| int
| main ()
| {
| #if BYTE_ORDER != BIG_ENDIAN
| 		 not big endian
| 		#endif
| 
|   ;
|   return 0;
| }
configure:5699: result: no
configure:5721: checking for stdlib.h
configure:5721: result: yes
configure:5731: checking for GNU libc compatible malloc
configure:5755: g++ -o conftest -g -O2   conftest.cpp -lm  >&5
configure:5755: $? = 0
configure:5755: ./conftest
configure:5755: $? = 0
configure:5765: result: yes
configure:5789: checking for pow
configure:5789: g++ -o conftest -g -O2   conftest.cpp -lm  >&5
configure:5789: $? = 0
configure:5789: result: yes
configure:5789: checking for sqrt
configure:5789: g++ -o conftest -g -O2   conftest.cpp -lm  >&5
configure:5789: $? = 0
configure:5789: result: yes
configure:5920: checking that generated files are newer than configure
configure:5926: result: done
configure:5990: creating ./config.status

## ---------------------- ##
## Running config.status. ##
## ---------------------- ##

This file was extended by indel-seq-gen config.status 2.2.14, which was
generated by GNU Autoconf 2.69.  Invocation command line was

  CONFIG_FILES    = 
  CONFIG_HEADERS  = 
  CONFIG_LINKS    = 
  CONFIG_COMMANDS = 
  $ ./config.status 

on mus

config.status:920: creating Makefile
config.status:920: creating lib/Makefile
config.status:920: creating data/Makefile
config.status:920: creating doc/Makefile
config.status:920: creating src/Makefile
config.status:920: creating config.h
config.status:1149: executing depfiles commands

## ---------------- ##
## Cache variables. ##
## ---------------- ##

ac_cv_c_bigendian=no
ac_cv_c_compiler_gnu=yes
ac_cv_c_const=yes
ac_cv_c_inline=inline
ac_cv_cxx_compiler_gnu=yes
ac_cv_env_CCC_set=
ac_cv_env_CCC_value=
ac_cv_env_CC_set=
ac_cv_env_CC_value=
ac_cv_env_CFLAGS_set=
ac_cv_env_CFLAGS_value=
ac_cv_env_CPPFLAGS_set=
ac_cv_env_CPPFLAGS_value=
ac_cv_env_CXXCPP_set=
ac_cv_env_CXXCPP_value=
ac_cv_env_CXXFLAGS_set=
ac_cv_env_CXXFLAGS_value=
ac_cv_env_CXX_set=
ac_cv_env_CXX_value=
ac_cv_env_LDFLAGS_set=
ac_cv_env_LDFLAGS_value=
ac_cv_env_LIBS_set=
ac_cv_env_LIBS_value=
ac_cv_env_build_alias_set=
ac_cv_env_build_alias_value=
ac_cv_env_host_alias_set=
ac_cv_env_host_alias_value=
ac_cv_env_target_alias_set=
ac_cv_env_target_alias_value=
ac_cv_func_getopt_long_only=yes
ac_cv_func_malloc_0_nonnull=yes
ac_cv_func_pow=yes
ac_cv_func_sqrt=yes
ac_cv_have_decl_getenv=yes
ac_cv_have_decl_optreset=no
ac_cv_header_getopt_h=yes
ac_cv_header_inttypes_h=yes
ac_cv_header_limits_h=yes
ac_cv_header_memory_h=yes
ac_cv_header_stdbool_h=yes
ac_cv_header_stdc=yes
ac_cv_header_stdint_h=yes
ac_cv_header_stdlib_h=yes
ac_cv_header_string_h=yes
ac_cv_header_strings_h=yes
ac_cv_header_sys_stat_h=yes
ac_cv_header_sys_types_h=yes
ac_cv_header_unistd_h=yes
ac_cv_lib_m_main=yes
ac_cv_objext=o
ac_cv_path_EGREP='/bin/grep -E'
ac_cv_path_GREP=/bin/grep
ac_cv_path_install='/usr/bin/install -c'
ac_cv_path_mkdir=/bin/mkdir
ac_cv_prog_AWK=gawk
ac_cv_prog_CXXCPP='g++ -E'
ac_cv_prog_ac_ct_CC=gcc
ac_cv_prog_ac_ct_CXX=g++
ac_cv_prog_ac_ct_RANLIB=ranlib
ac_cv_prog_cc_c89=
ac_cv_prog_cc_g=yes
ac_cv_prog_cxx_g=yes
ac_cv_prog_make_make_set=yes
ac_cv_type__Bool=no
ac_cv_type_size_t=yes
am_cv_CC_dependencies_compiler_type=gcc3
am_cv_CXX_dependencies_compiler_type=gcc3
am_cv_make_support_nested_variables=yes
am_cv_prog_cc_c_o=yes
gl_cv_func_gnu_getopt=yes
gl_cv_have_include_next=yes
gl_cv_next_unistd_h='<unistd.h>'

## ----------------- ##
## Output variables. ##
## ----------------- ##

ACLOCAL='${SHELL} /home/matsen/re/indel-seq-gen/missing aclocal-1.14'
AMDEPBACKSLASH='\'
AMDEP_FALSE='#'
AMDEP_TRUE=''
AMTAR='$${TAR-tar}'
AM_BACKSLASH='\'
AM_DEFAULT_V='$(AM_DEFAULT_VERBOSITY)'
AM_DEFAULT_VERBOSITY='1'
AM_V='$(V)'
AUTOCONF='${SHELL} /home/matsen/re/indel-seq-gen/missing autoconf'
AUTOHEADER='${SHELL} /home/matsen/re/indel-seq-gen/missing autoheader'
AUTOMAKE='${SHELL} /home/matsen/re/indel-seq-gen/missing automake-1.14'
AWK='gawk'
CC='gcc'
CCDEPMODE='depmode=gcc3'
CFLAGS='-g -O2'
CPPFLAGS=''
CXX='g++'
CXXCPP='g++ -E'
CXXDEPMODE='depmode=gcc3'
CXXFLAGS='-g -O2'
CYGPATH_W='echo'
DEFS='-DHAVE_CONFIG_H'
DEPDIR='.deps'
ECHO_C=''
ECHO_N='-n'
ECHO_T=''
EGREP='/bin/grep -E'
EXEEXT=''
GETOPT_H=''
GL_COND_LIBTOOL_FALSE=''
GL_COND_LIBTOOL_TRUE='#'
GNULIB_CHOWN='0'
GNULIB_DUP2='0'
GNULIB_ENVIRON='0'
GNULIB_FCHDIR='0'
GNULIB_FTRUNCATE='0'
GNULIB_GETCWD='0'
GNULIB_GETLOGIN_R='0'
GNULIB_GETPAGESIZE='0'
GNULIB_LCHOWN='0'
GNULIB_LSEEK='0'
GNULIB_READLINK='0'
GNULIB_SLEEP='0'
GREP='/bin/grep'
HAVE_DECL_ENVIRON='1'
HAVE_DECL_GETLOGIN_R='1'
HAVE_DUP2='1'
HAVE_FTRUNCATE='1'
HAVE_GETPAGESIZE='1'
HAVE_OS_H='0'
HAVE_READLINK='1'
HAVE_SLEEP='1'
HAVE_SYS_PARAM_H='0'
HAVE_UNISTD_H='1'
INCLUDE_NEXT='include_next'
INSTALL_DATA='${INSTALL} -m 644'
INSTALL_PROGRAM='${INSTALL}'
INSTALL_SCRIPT='${INSTALL}'
INSTALL_STRIP_PROGRAM='$(install_sh) -c -s'
LDFLAGS=''
LIBGNU_LIBDEPS=''
LIBGNU_LTLIBDEPS=''
LIBINTL=''
LIBOBJS=''
LIBS='-lm '
LTLIBINTL=''
LTLIBOBJS=''
MAKEINFO='${SHELL} /home/matsen/re/indel-seq-gen/missing makeinfo'
MKDIR_P='/bin/mkdir -p'
NEXT_UNISTD_H='<unistd.h>'
OBJEXT='o'
PACKAGE='indel-seq-gen'
PACKAGE_BUGREPORT='corystrope@gmail.com'
PACKAGE_NAME='indel-seq-gen'
PACKAGE_STRING='indel-seq-gen 2.2.14'
PACKAGE_TARNAME='indel-seq-gen'
PACKAGE_URL=''
PACKAGE_VERSION='2.2.14'
PATH_SEPARATOR=':'
RANLIB='ranlib'
REPLACE_CHOWN='0'
REPLACE_FCHDIR='0'
REPLACE_GETCWD='0'
REPLACE_GETPAGESIZE='0'
REPLACE_LCHOWN='0'
REPLACE_LSEEK='0'
SET_MAKE=''
SHELL='/bin/bash'
STRIP=''
VERSION='2.2.14'
ac_ct_CC='gcc'
ac_ct_CXX='g++'
am__EXEEXT_FALSE=''
am__EXEEXT_TRUE='#'
am__fastdepCC_FALSE='#'
am__fastdepCC_TRUE=''
am__fastdepCXX_FALSE='#'
am__fastdepCXX_TRUE=''
am__include='include'
am__isrc=''
am__leading_dot='.'
am__nodep='_no'
am__quote=''
am__tar='$${TAR-tar} chof - "$$tardir"'
am__untar='$${TAR-tar} xf -'
bindir='${exec_prefix}/bin'
build_alias=''
datadir='${datarootdir}'
datarootdir='${prefix}/share'
docdir='${datarootdir}/doc/${PACKAGE_TARNAME}'
dvidir='${docdir}'
exec_prefix='${prefix}'
gl_LIBOBJS=''
gl_LTLIBOBJS=''
gltests_LIBOBJS=''
gltests_LTLIBOBJS=''
host_alias=''
htmldir='${docdir}'
includedir='${prefix}/include'
infodir='${datarootdir}/info'
install_sh='${SHELL} /home/matsen/re/indel-seq-gen/install-sh'
libdir='${exec_prefix}/lib'
libexecdir='${exec_prefix}/libexec'
localedir='${datarootdir}/locale'
localstatedir='${prefix}/var'
mandir='${datarootdir}/man'
mkdir_p='$(MKDIR_P)'
oldincludedir='/usr/include'
pdfdir='${docdir}'
prefix='/usr/local'
program_transform_name='s,x,x,'
psdir='${docdir}'
sbindir='${exec_prefix}/sbin'
sharedstatedir='${prefix}/com'
sysconfdir='${prefix}/etc'
target_alias=''

## ----------- ##
## confdefs.h. ##
## ----------- ##

/* confdefs.h */
#define PACKAGE_NAME "indel-seq-gen"
#define PACKAGE_TARNAME "indel-seq-gen"
#define PACKAGE_VERSION "2.2.14"
#define PACKAGE_STRING "indel-seq-gen 2.2.14"
#define PACKAGE_BUGREPORT "corystrope@gmail.com"
#define PACKAGE_URL ""
#define PACKAGE "indel-seq-gen"
#define VERSION "2.2.14"
#define HAVE_LIBM 1
#define STDC_HEADERS 1
#define HAVE_SYS_TYPES_H 1
#define HAVE_SYS_STAT_H 1
#define HAVE_STDLIB_H 1
#define HAVE_STRING_H 1
#define HAVE_MEMORY_H 1
#define HAVE_STRINGS_H 1
#define HAVE_INTTYPES_H 1
#define HAVE_STDINT_H 1
#define HAVE_UNISTD_H 1
#define HAVE_LIMITS_H 1
#define HAVE_STDLIB_H 1
#define HAVE_STRING_H 1
#define HAVE_UNISTD_H 1
#define HAVE_GETOPT_H 1
#define HAVE_GETOPT_H 1
#define HAVE_GETOPT_LONG_ONLY 1
#define HAVE_DECL_GETENV 1
#define HAVE_INCLUDE_NEXT 1
#define HAVE_UNISTD_H 1
#define HAVE_STDBOOL_H 1
#define HAVE_STDLIB_H 1
#define HAVE_MALLOC 1
#define HAVE_POW 1
#define HAVE_SQRT 1

configure: exit 0
